<?xml version="1.0" encoding="utf-8"?><testsuite errors="82" failures="0" name="pytest" skips="0" tests="82" time="0.855"><testcase classname="TestCase.test_C_web.test_address_manage.TestAddressManage" file="TestCase/test_C_web/test_address_manage.py" line="13" name="test_login_success[data0]" time="0.001722574234008789"><error message="test setup failure">@pytest.fixture()
    def web_page():
        logging.info(&apos;----------------测试开始-----------------&apos;)
&gt;       option = webdriver.ChromeOptions()
E       AttributeError: module &apos;appium.webdriver&apos; has no attribute &apos;ChromeOptions&apos;

conftest.py:31: AttributeError</error><system-err> Tue, 27 Jul 2021 15:03:06  INFO conftest.py web_page [ line:30 ] ----------------测试开始-----------------
</system-err></testcase><testcase classname="TestCase.test_C_web.test_address_manage.TestAddressManage" file="TestCase/test_C_web/test_address_manage.py" line="35" name="test_add_address_err[data0]" time="0.00039315223693847656"><error message="test setup failure">@pytest.fixture()
    def web_page():
        logging.info(&apos;----------------测试开始-----------------&apos;)
&gt;       option = webdriver.ChromeOptions()
E       AttributeError: module &apos;appium.webdriver&apos; has no attribute &apos;ChromeOptions&apos;

conftest.py:31: AttributeError</error><system-err> Tue, 27 Jul 2021 15:03:06  INFO conftest.py web_page [ line:30 ] ----------------测试开始-----------------
</system-err></testcase><testcase classname="TestCase.test_C_web.test_address_manage.TestAddressManage" file="TestCase/test_C_web/test_address_manage.py" line="35" name="test_add_address_err[data1]" time="0.0003299713134765625"><error message="test setup failure">@pytest.fixture()
    def web_page():
        logging.info(&apos;----------------测试开始-----------------&apos;)
&gt;       option = webdriver.ChromeOptions()
E       AttributeError: module &apos;appium.webdriver&apos; has no attribute &apos;ChromeOptions&apos;

conftest.py:31: AttributeError</error><system-err> Tue, 27 Jul 2021 15:03:06  INFO conftest.py web_page [ line:30 ] ----------------测试开始-----------------
</system-err></testcase><testcase classname="TestCase.test_C_web.test_address_manage.TestAddressManage" file="TestCase/test_C_web/test_address_manage.py" line="35" name="test_add_address_err[data2]" time="0.00032711029052734375"><error message="test setup failure">@pytest.fixture()
    def web_page():
        logging.info(&apos;----------------测试开始-----------------&apos;)
&gt;       option = webdriver.ChromeOptions()
E       AttributeError: module &apos;appium.webdriver&apos; has no attribute &apos;ChromeOptions&apos;

conftest.py:31: AttributeError</error><system-err> Tue, 27 Jul 2021 15:03:06  INFO conftest.py web_page [ line:30 ] ----------------测试开始-----------------
</system-err></testcase><testcase classname="TestCase.test_C_web.test_address_manage.TestAddressManage" file="TestCase/test_C_web/test_address_manage.py" line="57" name="test_add_address_success[data0]" time="0.000331878662109375"><error message="test setup failure">@pytest.fixture()
    def web_page():
        logging.info(&apos;----------------测试开始-----------------&apos;)
&gt;       option = webdriver.ChromeOptions()
E       AttributeError: module &apos;appium.webdriver&apos; has no attribute &apos;ChromeOptions&apos;

conftest.py:31: AttributeError</error><system-err> Tue, 27 Jul 2021 15:03:06  INFO conftest.py web_page [ line:30 ] ----------------测试开始-----------------
</system-err></testcase><testcase classname="TestCase.test_C_web.test_address_manage.TestAddressManage" file="TestCase/test_C_web/test_address_manage.py" line="80" name="test_edit_address[data0]" time="0.0003311634063720703"><error message="test setup failure">@pytest.fixture()
    def web_page():
        logging.info(&apos;----------------测试开始-----------------&apos;)
&gt;       option = webdriver.ChromeOptions()
E       AttributeError: module &apos;appium.webdriver&apos; has no attribute &apos;ChromeOptions&apos;

conftest.py:31: AttributeError</error><system-err> Tue, 27 Jul 2021 15:03:06  INFO conftest.py web_page [ line:30 ] ----------------测试开始-----------------
</system-err></testcase><testcase classname="TestCase.test_C_web.test_address_manage.TestAddressManage" file="TestCase/test_C_web/test_address_manage.py" line="104" name="test_delete_address[data0]" time="0.0003273487091064453"><error message="test setup failure">@pytest.fixture()
    def web_page():
        logging.info(&apos;----------------测试开始-----------------&apos;)
&gt;       option = webdriver.ChromeOptions()
E       AttributeError: module &apos;appium.webdriver&apos; has no attribute &apos;ChromeOptions&apos;

conftest.py:31: AttributeError</error><system-err> Tue, 27 Jul 2021 15:03:06  INFO conftest.py web_page [ line:30 ] ----------------测试开始-----------------
</system-err></testcase><testcase classname="TestCase.test_C_web.test_address_manage.TestAddressManage" file="TestCase/test_C_web/test_address_manage.py" line="127" name="test_set_default_address[data0]" time="0.00032806396484375"><error message="test setup failure">@pytest.fixture()
    def web_page():
        logging.info(&apos;----------------测试开始-----------------&apos;)
&gt;       option = webdriver.ChromeOptions()
E       AttributeError: module &apos;appium.webdriver&apos; has no attribute &apos;ChromeOptions&apos;

conftest.py:31: AttributeError</error><system-err> Tue, 27 Jul 2021 15:03:06  INFO conftest.py web_page [ line:30 ] ----------------测试开始-----------------
</system-err></testcase><testcase classname="TestCase.test_C_web.test_forget_pwd.TestForGetPassword" file="TestCase/test_C_web/test_forget_pwd.py" line="13" name="test_retrieve_pwd_success[data0]" time="0.00032782554626464844"><error message="test setup failure">@pytest.fixture()
    def web_page():
        logging.info(&apos;----------------测试开始-----------------&apos;)
&gt;       option = webdriver.ChromeOptions()
E       AttributeError: module &apos;appium.webdriver&apos; has no attribute &apos;ChromeOptions&apos;

conftest.py:31: AttributeError</error><system-err> Tue, 27 Jul 2021 15:03:06  INFO conftest.py web_page [ line:30 ] ----------------测试开始-----------------
</system-err></testcase><testcase classname="TestCase.test_C_web.test_forget_pwd.TestForGetPassword" file="TestCase/test_C_web/test_forget_pwd.py" line="34" name="test_user_phone_err[data0]" time="0.00032520294189453125"><error message="test setup failure">@pytest.fixture()
    def web_page():
        logging.info(&apos;----------------测试开始-----------------&apos;)
&gt;       option = webdriver.ChromeOptions()
E       AttributeError: module &apos;appium.webdriver&apos; has no attribute &apos;ChromeOptions&apos;

conftest.py:31: AttributeError</error><system-err> Tue, 27 Jul 2021 15:03:06  INFO conftest.py web_page [ line:30 ] ----------------测试开始-----------------
</system-err></testcase><testcase classname="TestCase.test_C_web.test_forget_pwd.TestForGetPassword" file="TestCase/test_C_web/test_forget_pwd.py" line="53" name="test_user_code_err[data0]" time="0.0003261566162109375"><error message="test setup failure">@pytest.fixture()
    def web_page():
        logging.info(&apos;----------------测试开始-----------------&apos;)
&gt;       option = webdriver.ChromeOptions()
E       AttributeError: module &apos;appium.webdriver&apos; has no attribute &apos;ChromeOptions&apos;

conftest.py:31: AttributeError</error><system-err> Tue, 27 Jul 2021 15:03:06  INFO conftest.py web_page [ line:30 ] ----------------测试开始-----------------
</system-err></testcase><testcase classname="TestCase.test_C_web.test_forget_pwd.TestForGetPassword" file="TestCase/test_C_web/test_forget_pwd.py" line="72" name="test_user_pwd_err[data0]" time="0.0003337860107421875"><error message="test setup failure">@pytest.fixture()
    def web_page():
        logging.info(&apos;----------------测试开始-----------------&apos;)
&gt;       option = webdriver.ChromeOptions()
E       AttributeError: module &apos;appium.webdriver&apos; has no attribute &apos;ChromeOptions&apos;

conftest.py:31: AttributeError</error><system-err> Tue, 27 Jul 2021 15:03:06  INFO conftest.py web_page [ line:30 ] ----------------测试开始-----------------
</system-err></testcase><testcase classname="TestCase.test_C_web.test_forget_pwd.TestForGetPassword" file="TestCase/test_C_web/test_forget_pwd.py" line="91" name="test_user_second_pwd_err[data0]" time="0.0003485679626464844"><error message="test setup failure">@pytest.fixture()
    def web_page():
        logging.info(&apos;----------------测试开始-----------------&apos;)
&gt;       option = webdriver.ChromeOptions()
E       AttributeError: module &apos;appium.webdriver&apos; has no attribute &apos;ChromeOptions&apos;

conftest.py:31: AttributeError</error><system-err> Tue, 27 Jul 2021 15:03:06  INFO conftest.py web_page [ line:30 ] ----------------测试开始-----------------
</system-err></testcase><testcase classname="TestCase.test_C_web.test_login.TestLogin" file="TestCase/test_C_web/test_login.py" line="14" name="test_login_success[data0]" time="0.0003399848937988281"><error message="test setup failure">@pytest.fixture()
    def web_page():
        logging.info(&apos;----------------测试开始-----------------&apos;)
&gt;       option = webdriver.ChromeOptions()
E       AttributeError: module &apos;appium.webdriver&apos; has no attribute &apos;ChromeOptions&apos;

conftest.py:31: AttributeError</error><system-err> Tue, 27 Jul 2021 15:03:06  INFO conftest.py web_page [ line:30 ] ----------------测试开始-----------------
</system-err></testcase><testcase classname="TestCase.test_C_web.test_login.TestLogin" file="TestCase/test_C_web/test_login.py" line="36" name="test_usernotin[data0]" time="0.0003230571746826172"><error message="test setup failure">@pytest.fixture()
    def web_page():
        logging.info(&apos;----------------测试开始-----------------&apos;)
&gt;       option = webdriver.ChromeOptions()
E       AttributeError: module &apos;appium.webdriver&apos; has no attribute &apos;ChromeOptions&apos;

conftest.py:31: AttributeError</error><system-err> Tue, 27 Jul 2021 15:03:06  INFO conftest.py web_page [ line:30 ] ----------------测试开始-----------------
</system-err></testcase><testcase classname="TestCase.test_C_web.test_login.TestLogin" file="TestCase/test_C_web/test_login.py" line="36" name="test_usernotin[data1]" time="0.0003247261047363281"><error message="test setup failure">@pytest.fixture()
    def web_page():
        logging.info(&apos;----------------测试开始-----------------&apos;)
&gt;       option = webdriver.ChromeOptions()
E       AttributeError: module &apos;appium.webdriver&apos; has no attribute &apos;ChromeOptions&apos;

conftest.py:31: AttributeError</error><system-err> Tue, 27 Jul 2021 15:03:06  INFO conftest.py web_page [ line:30 ] ----------------测试开始-----------------
</system-err></testcase><testcase classname="TestCase.test_C_web.test_login.TestLogin" file="TestCase/test_C_web/test_login.py" line="36" name="test_usernotin[data2]" time="0.0003230571746826172"><error message="test setup failure">@pytest.fixture()
    def web_page():
        logging.info(&apos;----------------测试开始-----------------&apos;)
&gt;       option = webdriver.ChromeOptions()
E       AttributeError: module &apos;appium.webdriver&apos; has no attribute &apos;ChromeOptions&apos;

conftest.py:31: AttributeError</error><system-err> Tue, 27 Jul 2021 15:03:06  INFO conftest.py web_page [ line:30 ] ----------------测试开始-----------------
</system-err></testcase><testcase classname="TestCase.test_C_web.test_login.TestLogin" file="TestCase/test_C_web/test_login.py" line="55" name="test_usernotin2[data0]" time="0.00033473968505859375"><error message="test setup failure">@pytest.fixture()
    def web_page():
        logging.info(&apos;----------------测试开始-----------------&apos;)
&gt;       option = webdriver.ChromeOptions()
E       AttributeError: module &apos;appium.webdriver&apos; has no attribute &apos;ChromeOptions&apos;

conftest.py:31: AttributeError</error><system-err> Tue, 27 Jul 2021 15:03:06  INFO conftest.py web_page [ line:30 ] ----------------测试开始-----------------
</system-err></testcase><testcase classname="TestCase.test_C_web.test_login_msg.TestMsgLogin" file="TestCase/test_C_web/test_login_msg.py" line="14" name="test_Msg_login_success[data0]" time="0.00033283233642578125"><error message="test setup failure">@pytest.fixture()
    def web_page():
        logging.info(&apos;----------------测试开始-----------------&apos;)
&gt;       option = webdriver.ChromeOptions()
E       AttributeError: module &apos;appium.webdriver&apos; has no attribute &apos;ChromeOptions&apos;

conftest.py:31: AttributeError</error><system-err> Tue, 27 Jul 2021 15:03:06  INFO conftest.py web_page [ line:30 ] ----------------测试开始-----------------
</system-err></testcase><testcase classname="TestCase.test_C_web.test_login_msg.TestMsgLogin" file="TestCase/test_C_web/test_login_msg.py" line="36" name="test_Msg_usernotin[data0]" time="0.0003192424774169922"><error message="test setup failure">@pytest.fixture()
    def web_page():
        logging.info(&apos;----------------测试开始-----------------&apos;)
&gt;       option = webdriver.ChromeOptions()
E       AttributeError: module &apos;appium.webdriver&apos; has no attribute &apos;ChromeOptions&apos;

conftest.py:31: AttributeError</error><system-err> Tue, 27 Jul 2021 15:03:06  INFO conftest.py web_page [ line:30 ] ----------------测试开始-----------------
</system-err></testcase><testcase classname="TestCase.test_C_web.test_login_msg.TestMsgLogin" file="TestCase/test_C_web/test_login_msg.py" line="55" name="test_Msg_usernotin2[data0]" time="0.0003218650817871094"><error message="test setup failure">@pytest.fixture()
    def web_page():
        logging.info(&apos;----------------测试开始-----------------&apos;)
&gt;       option = webdriver.ChromeOptions()
E       AttributeError: module &apos;appium.webdriver&apos; has no attribute &apos;ChromeOptions&apos;

conftest.py:31: AttributeError</error><system-err> Tue, 27 Jul 2021 15:03:06  INFO conftest.py web_page [ line:30 ] ----------------测试开始-----------------
</system-err></testcase><testcase classname="TestCase.test_C_web.test_login_msg.TestMsgLogin" file="TestCase/test_C_web/test_login_msg.py" line="55" name="test_Msg_usernotin2[data1]" time="0.0003330707550048828"><error message="test setup failure">@pytest.fixture()
    def web_page():
        logging.info(&apos;----------------测试开始-----------------&apos;)
&gt;       option = webdriver.ChromeOptions()
E       AttributeError: module &apos;appium.webdriver&apos; has no attribute &apos;ChromeOptions&apos;

conftest.py:31: AttributeError</error><system-err> Tue, 27 Jul 2021 15:03:06  INFO conftest.py web_page [ line:30 ] ----------------测试开始-----------------
</system-err></testcase><testcase classname="TestCase.test_C_web.test_my_order.TestMyOrder" file="TestCase/test_C_web/test_my_order.py" line="14" name="test_login_success[data0]" time="0.0003304481506347656"><error message="test setup failure">@pytest.fixture()
    def web_page():
        logging.info(&apos;----------------测试开始-----------------&apos;)
&gt;       option = webdriver.ChromeOptions()
E       AttributeError: module &apos;appium.webdriver&apos; has no attribute &apos;ChromeOptions&apos;

conftest.py:31: AttributeError</error><system-err> Tue, 27 Jul 2021 15:03:06  INFO conftest.py web_page [ line:30 ] ----------------测试开始-----------------
</system-err></testcase><testcase classname="TestCase.test_C_web.test_my_order.TestMyOrder" file="TestCase/test_C_web/test_my_order.py" line="36" name="test_wait_pay[data0]" time="0.00032639503479003906"><error message="test setup failure">@pytest.fixture()
    def web_page():
        logging.info(&apos;----------------测试开始-----------------&apos;)
&gt;       option = webdriver.ChromeOptions()
E       AttributeError: module &apos;appium.webdriver&apos; has no attribute &apos;ChromeOptions&apos;

conftest.py:31: AttributeError</error><system-err> Tue, 27 Jul 2021 15:03:06  INFO conftest.py web_page [ line:30 ] ----------------测试开始-----------------
</system-err></testcase><testcase classname="TestCase.test_C_web.test_my_order.TestMyOrder" file="TestCase/test_C_web/test_my_order.py" line="59" name="test_wait_ship_order[data0]" time="0.00032806396484375"><error message="test setup failure">@pytest.fixture()
    def web_page():
        logging.info(&apos;----------------测试开始-----------------&apos;)
&gt;       option = webdriver.ChromeOptions()
E       AttributeError: module &apos;appium.webdriver&apos; has no attribute &apos;ChromeOptions&apos;

conftest.py:31: AttributeError</error><system-err> Tue, 27 Jul 2021 15:03:06  INFO conftest.py web_page [ line:30 ] ----------------测试开始-----------------
</system-err></testcase><testcase classname="TestCase.test_C_web.test_my_order.TestMyOrder" file="TestCase/test_C_web/test_my_order.py" line="82" name="test_shipped_order[data0]" time="0.0003268718719482422"><error message="test setup failure">@pytest.fixture()
    def web_page():
        logging.info(&apos;----------------测试开始-----------------&apos;)
&gt;       option = webdriver.ChromeOptions()
E       AttributeError: module &apos;appium.webdriver&apos; has no attribute &apos;ChromeOptions&apos;

conftest.py:31: AttributeError</error><system-err> Tue, 27 Jul 2021 15:03:06  INFO conftest.py web_page [ line:30 ] ----------------测试开始-----------------
</system-err></testcase><testcase classname="TestCase.test_C_web.test_my_order.TestMyOrder" file="TestCase/test_C_web/test_my_order.py" line="105" name="test_received_order[data0]" time="0.0003230571746826172"><error message="test setup failure">@pytest.fixture()
    def web_page():
        logging.info(&apos;----------------测试开始-----------------&apos;)
&gt;       option = webdriver.ChromeOptions()
E       AttributeError: module &apos;appium.webdriver&apos; has no attribute &apos;ChromeOptions&apos;

conftest.py:31: AttributeError</error><system-err> Tue, 27 Jul 2021 15:03:06  INFO conftest.py web_page [ line:30 ] ----------------测试开始-----------------
</system-err></testcase><testcase classname="TestCase.test_C_web.test_my_order.TestMyOrder" file="TestCase/test_C_web/test_my_order.py" line="129" name="test_wait_pay_detail[data0]" time="0.00031876564025878906"><error message="test setup failure">@pytest.fixture()
    def web_page():
        logging.info(&apos;----------------测试开始-----------------&apos;)
&gt;       option = webdriver.ChromeOptions()
E       AttributeError: module &apos;appium.webdriver&apos; has no attribute &apos;ChromeOptions&apos;

conftest.py:31: AttributeError</error><system-err> Tue, 27 Jul 2021 15:03:06  INFO conftest.py web_page [ line:30 ] ----------------测试开始-----------------
</system-err></testcase><testcase classname="TestCase.test_C_web.test_my_order.TestMyOrder" file="TestCase/test_C_web/test_my_order.py" line="155" name="test_wait_ship_order_detail[data0]" time="0.00032210350036621094"><error message="test setup failure">@pytest.fixture()
    def web_page():
        logging.info(&apos;----------------测试开始-----------------&apos;)
&gt;       option = webdriver.ChromeOptions()
E       AttributeError: module &apos;appium.webdriver&apos; has no attribute &apos;ChromeOptions&apos;

conftest.py:31: AttributeError</error><system-err> Tue, 27 Jul 2021 15:03:06  INFO conftest.py web_page [ line:30 ] ----------------测试开始-----------------
</system-err></testcase><testcase classname="TestCase.test_C_web.test_my_order.TestMyOrder" file="TestCase/test_C_web/test_my_order.py" line="181" name="test_shipped_order_detail[data0]" time="0.00034928321838378906"><error message="test setup failure">@pytest.fixture()
    def web_page():
        logging.info(&apos;----------------测试开始-----------------&apos;)
&gt;       option = webdriver.ChromeOptions()
E       AttributeError: module &apos;appium.webdriver&apos; has no attribute &apos;ChromeOptions&apos;

conftest.py:31: AttributeError</error><system-err> Tue, 27 Jul 2021 15:03:06  INFO conftest.py web_page [ line:30 ] ----------------测试开始-----------------
</system-err></testcase><testcase classname="TestCase.test_C_web.test_my_order.TestMyOrder" file="TestCase/test_C_web/test_my_order.py" line="207" name="test_received_order_detail[data0]" time="0.0003809928894042969"><error message="test setup failure">@pytest.fixture()
    def web_page():
        logging.info(&apos;----------------测试开始-----------------&apos;)
&gt;       option = webdriver.ChromeOptions()
E       AttributeError: module &apos;appium.webdriver&apos; has no attribute &apos;ChromeOptions&apos;

conftest.py:31: AttributeError</error><system-err> Tue, 27 Jul 2021 15:03:06  INFO conftest.py web_page [ line:30 ] ----------------测试开始-----------------
</system-err></testcase><testcase classname="TestCase.test_C_web.test_my_order.TestMyOrder" file="TestCase/test_C_web/test_my_order.py" line="233" name="test_now_pay[data0]" time="0.0003399848937988281"><error message="test setup failure">@pytest.fixture()
    def web_page():
        logging.info(&apos;----------------测试开始-----------------&apos;)
&gt;       option = webdriver.ChromeOptions()
E       AttributeError: module &apos;appium.webdriver&apos; has no attribute &apos;ChromeOptions&apos;

conftest.py:31: AttributeError</error><system-err> Tue, 27 Jul 2021 15:03:06  INFO conftest.py web_page [ line:30 ] ----------------测试开始-----------------
</system-err></testcase><testcase classname="TestCase.test_C_web.test_my_order.TestMyOrder" file="TestCase/test_C_web/test_my_order.py" line="259" name="test_order_list_remind_ship[data0]" time="0.0003249645233154297"><error message="test setup failure">@pytest.fixture()
    def web_page():
        logging.info(&apos;----------------测试开始-----------------&apos;)
&gt;       option = webdriver.ChromeOptions()
E       AttributeError: module &apos;appium.webdriver&apos; has no attribute &apos;ChromeOptions&apos;

conftest.py:31: AttributeError</error><system-err> Tue, 27 Jul 2021 15:03:06  INFO conftest.py web_page [ line:30 ] ----------------测试开始-----------------
</system-err></testcase><testcase classname="TestCase.test_C_web.test_my_order.TestMyOrder" file="TestCase/test_C_web/test_my_order.py" line="310" name="test_order_list_confirm_receipt[data0]" time="0.0003311634063720703"><error message="test setup failure">@pytest.fixture()
    def web_page():
        logging.info(&apos;----------------测试开始-----------------&apos;)
&gt;       option = webdriver.ChromeOptions()
E       AttributeError: module &apos;appium.webdriver&apos; has no attribute &apos;ChromeOptions&apos;

conftest.py:31: AttributeError</error><system-err> Tue, 27 Jul 2021 15:03:06  INFO conftest.py web_page [ line:30 ] ----------------测试开始-----------------
</system-err></testcase><testcase classname="TestCase.test_C_web.test_my_order.TestMyOrder" file="TestCase/test_C_web/test_my_order.py" line="335" name="test_order_list_logistics[data0]" time="0.0003237724304199219"><error message="test setup failure">@pytest.fixture()
    def web_page():
        logging.info(&apos;----------------测试开始-----------------&apos;)
&gt;       option = webdriver.ChromeOptions()
E       AttributeError: module &apos;appium.webdriver&apos; has no attribute &apos;ChromeOptions&apos;

conftest.py:31: AttributeError</error><system-err> Tue, 27 Jul 2021 15:03:06  INFO conftest.py web_page [ line:30 ] ----------------测试开始-----------------
</system-err></testcase><testcase classname="TestCase.test_C_web.test_my_order.TestMyOrder" file="TestCase/test_C_web/test_my_order.py" line="361" name="test_order_detail_cancel[data0]" time="0.0003199577331542969"><error message="test setup failure">@pytest.fixture()
    def web_page():
        logging.info(&apos;----------------测试开始-----------------&apos;)
&gt;       option = webdriver.ChromeOptions()
E       AttributeError: module &apos;appium.webdriver&apos; has no attribute &apos;ChromeOptions&apos;

conftest.py:31: AttributeError</error><system-err> Tue, 27 Jul 2021 15:03:06  INFO conftest.py web_page [ line:30 ] ----------------测试开始-----------------
</system-err></testcase><testcase classname="TestCase.test_C_web.test_my_order.TestMyOrder" file="TestCase/test_C_web/test_my_order.py" line="389" name="test_order_detail_paying[data0]" time="0.000324249267578125"><error message="test setup failure">@pytest.fixture()
    def web_page():
        logging.info(&apos;----------------测试开始-----------------&apos;)
&gt;       option = webdriver.ChromeOptions()
E       AttributeError: module &apos;appium.webdriver&apos; has no attribute &apos;ChromeOptions&apos;

conftest.py:31: AttributeError</error><system-err> Tue, 27 Jul 2021 15:03:06  INFO conftest.py web_page [ line:30 ] ----------------测试开始-----------------
</system-err></testcase><testcase classname="TestCase.test_C_web.test_my_order.TestMyOrder" file="TestCase/test_C_web/test_my_order.py" line="418" name="test_order_detail_application_refund1[data0]" time="0.00033736228942871094"><error message="test setup failure">@pytest.fixture()
    def web_page():
        logging.info(&apos;----------------测试开始-----------------&apos;)
&gt;       option = webdriver.ChromeOptions()
E       AttributeError: module &apos;appium.webdriver&apos; has no attribute &apos;ChromeOptions&apos;

conftest.py:31: AttributeError</error><system-err> Tue, 27 Jul 2021 15:03:06  INFO conftest.py web_page [ line:30 ] ----------------测试开始-----------------
</system-err></testcase><testcase classname="TestCase.test_C_web.test_my_order.TestMyOrder" file="TestCase/test_C_web/test_my_order.py" line="447" name="test_order_detail_application_refund2[data0]" time="0.0003497600555419922"><error message="test setup failure">@pytest.fixture()
    def web_page():
        logging.info(&apos;----------------测试开始-----------------&apos;)
&gt;       option = webdriver.ChromeOptions()
E       AttributeError: module &apos;appium.webdriver&apos; has no attribute &apos;ChromeOptions&apos;

conftest.py:31: AttributeError</error><system-err> Tue, 27 Jul 2021 15:03:06  INFO conftest.py web_page [ line:30 ] ----------------测试开始-----------------
</system-err></testcase><testcase classname="TestCase.test_C_web.test_my_order.TestMyOrder" file="TestCase/test_C_web/test_my_order.py" line="478" name="test_order_detail_application_refund3[data0]" time="0.0003361701965332031"><error message="test setup failure">@pytest.fixture()
    def web_page():
        logging.info(&apos;----------------测试开始-----------------&apos;)
&gt;       option = webdriver.ChromeOptions()
E       AttributeError: module &apos;appium.webdriver&apos; has no attribute &apos;ChromeOptions&apos;

conftest.py:31: AttributeError</error><system-err> Tue, 27 Jul 2021 15:03:06  INFO conftest.py web_page [ line:30 ] ----------------测试开始-----------------
</system-err></testcase><testcase classname="TestCase.test_C_web.test_my_order.TestMyOrder" file="TestCase/test_C_web/test_my_order.py" line="509" name="test_order_detail_remind_ship[data0]" time="0.0003399848937988281"><error message="test setup failure">@pytest.fixture()
    def web_page():
        logging.info(&apos;----------------测试开始-----------------&apos;)
&gt;       option = webdriver.ChromeOptions()
E       AttributeError: module &apos;appium.webdriver&apos; has no attribute &apos;ChromeOptions&apos;

conftest.py:31: AttributeError</error><system-err> Tue, 27 Jul 2021 15:03:06  INFO conftest.py web_page [ line:30 ] ----------------测试开始-----------------
</system-err></testcase><testcase classname="TestCase.test_C_web.test_my_order.TestMyOrder" file="TestCase/test_C_web/test_my_order.py" line="537" name="test_detail_shipped_order_return[data0]" time="0.0003390312194824219"><error message="test setup failure">@pytest.fixture()
    def web_page():
        logging.info(&apos;----------------测试开始-----------------&apos;)
&gt;       option = webdriver.ChromeOptions()
E       AttributeError: module &apos;appium.webdriver&apos; has no attribute &apos;ChromeOptions&apos;

conftest.py:31: AttributeError</error><system-err> Tue, 27 Jul 2021 15:03:06  INFO conftest.py web_page [ line:30 ] ----------------测试开始-----------------
</system-err></testcase><testcase classname="TestCase.test_C_web.test_my_order.TestMyOrder" file="TestCase/test_C_web/test_my_order.py" line="566" name="test_detail_shipped_order_return_err1[data0]" time="0.0003266334533691406"><error message="test setup failure">@pytest.fixture()
    def web_page():
        logging.info(&apos;----------------测试开始-----------------&apos;)
&gt;       option = webdriver.ChromeOptions()
E       AttributeError: module &apos;appium.webdriver&apos; has no attribute &apos;ChromeOptions&apos;

conftest.py:31: AttributeError</error><system-err> Tue, 27 Jul 2021 15:03:06  INFO conftest.py web_page [ line:30 ] ----------------测试开始-----------------
</system-err></testcase><testcase classname="TestCase.test_C_web.test_my_order.TestMyOrder" file="TestCase/test_C_web/test_my_order.py" line="597" name="test_detail_shipped_order_return_err2[data0]" time="0.0003306865692138672"><error message="test setup failure">@pytest.fixture()
    def web_page():
        logging.info(&apos;----------------测试开始-----------------&apos;)
&gt;       option = webdriver.ChromeOptions()
E       AttributeError: module &apos;appium.webdriver&apos; has no attribute &apos;ChromeOptions&apos;

conftest.py:31: AttributeError</error><system-err> Tue, 27 Jul 2021 15:03:06  INFO conftest.py web_page [ line:30 ] ----------------测试开始-----------------
</system-err></testcase><testcase classname="TestCase.test_C_web.test_my_order.TestMyOrder" file="TestCase/test_C_web/test_my_order.py" line="659" name="test_detail_shipped_order_return_success[data0]" time="0.0003211498260498047"><error message="test setup failure">@pytest.fixture()
    def web_page():
        logging.info(&apos;----------------测试开始-----------------&apos;)
&gt;       option = webdriver.ChromeOptions()
E       AttributeError: module &apos;appium.webdriver&apos; has no attribute &apos;ChromeOptions&apos;

conftest.py:31: AttributeError</error><system-err> Tue, 27 Jul 2021 15:03:06  INFO conftest.py web_page [ line:30 ] ----------------测试开始-----------------
</system-err></testcase><testcase classname="TestCase.test_C_web.test_my_order.TestMyOrder" file="TestCase/test_C_web/test_my_order.py" line="690" name="test_order_detail_confirm_receipt[data0]" time="0.00032019615173339844"><error message="test setup failure">@pytest.fixture()
    def web_page():
        logging.info(&apos;----------------测试开始-----------------&apos;)
&gt;       option = webdriver.ChromeOptions()
E       AttributeError: module &apos;appium.webdriver&apos; has no attribute &apos;ChromeOptions&apos;

conftest.py:31: AttributeError</error><system-err> Tue, 27 Jul 2021 15:03:06  INFO conftest.py web_page [ line:30 ] ----------------测试开始-----------------
</system-err></testcase><testcase classname="TestCase.test_C_web.test_my_order.TestMyOrder" file="TestCase/test_C_web/test_my_order.py" line="718" name="test_order_detail_received_order_return[data0]" time="0.00032973289489746094"><error message="test setup failure">@pytest.fixture()
    def web_page():
        logging.info(&apos;----------------测试开始-----------------&apos;)
&gt;       option = webdriver.ChromeOptions()
E       AttributeError: module &apos;appium.webdriver&apos; has no attribute &apos;ChromeOptions&apos;

conftest.py:31: AttributeError</error><system-err> Tue, 27 Jul 2021 15:03:06  INFO conftest.py web_page [ line:30 ] ----------------测试开始-----------------
</system-err></testcase><testcase classname="TestCase.test_C_web.test_my_order.TestMyOrder" file="TestCase/test_C_web/test_my_order.py" line="747" name="test_order_detail_evaluate[data0]" time="0.0003504753112792969"><error message="test setup failure">@pytest.fixture()
    def web_page():
        logging.info(&apos;----------------测试开始-----------------&apos;)
&gt;       option = webdriver.ChromeOptions()
E       AttributeError: module &apos;appium.webdriver&apos; has no attribute &apos;ChromeOptions&apos;

conftest.py:31: AttributeError</error><system-err> Tue, 27 Jul 2021 15:03:06  INFO conftest.py web_page [ line:30 ] ----------------测试开始-----------------
</system-err></testcase><testcase classname="TestCase.test_C_web.test_my_order.TestMyOrder" file="TestCase/test_C_web/test_my_order.py" line="776" name="test_order_detail_evaluate_err[data0]" time="0.00040411949157714844"><error message="test setup failure">@pytest.fixture()
    def web_page():
        logging.info(&apos;----------------测试开始-----------------&apos;)
&gt;       option = webdriver.ChromeOptions()
E       AttributeError: module &apos;appium.webdriver&apos; has no attribute &apos;ChromeOptions&apos;

conftest.py:31: AttributeError</error><system-err> Tue, 27 Jul 2021 15:03:06  INFO conftest.py web_page [ line:30 ] ----------------测试开始-----------------
</system-err></testcase><testcase classname="TestCase.test_C_web.test_my_order.TestMyOrder" file="TestCase/test_C_web/test_my_order.py" line="807" name="test_order_detail_evaluate_success[data0]" time="0.0004379749298095703"><error message="test setup failure">@pytest.fixture()
    def web_page():
        logging.info(&apos;----------------测试开始-----------------&apos;)
&gt;       option = webdriver.ChromeOptions()
E       AttributeError: module &apos;appium.webdriver&apos; has no attribute &apos;ChromeOptions&apos;

conftest.py:31: AttributeError</error><system-err> Tue, 27 Jul 2021 15:03:06  INFO conftest.py web_page [ line:30 ] ----------------测试开始-----------------
</system-err></testcase><testcase classname="TestCase.test_C_web.test_product_detail.TestProductDetail" file="TestCase/test_C_web/test_product_detail.py" line="14" name="test_login_success[data0]" time="0.0004978179931640625"><error message="test setup failure">@pytest.fixture()
    def web_page():
        logging.info(&apos;----------------测试开始-----------------&apos;)
&gt;       option = webdriver.ChromeOptions()
E       AttributeError: module &apos;appium.webdriver&apos; has no attribute &apos;ChromeOptions&apos;

conftest.py:31: AttributeError</error><system-err> Tue, 27 Jul 2021 15:03:06  INFO conftest.py web_page [ line:30 ] ----------------测试开始-----------------
</system-err></testcase><testcase classname="TestCase.test_C_web.test_product_detail.TestProductDetail" file="TestCase/test_C_web/test_product_detail.py" line="34" name="test_product_like[data0]" time="0.00040340423583984375"><error message="test setup failure">@pytest.fixture()
    def web_page():
        logging.info(&apos;----------------测试开始-----------------&apos;)
&gt;       option = webdriver.ChromeOptions()
E       AttributeError: module &apos;appium.webdriver&apos; has no attribute &apos;ChromeOptions&apos;

conftest.py:31: AttributeError</error><system-err> Tue, 27 Jul 2021 15:03:06  INFO conftest.py web_page [ line:30 ] ----------------测试开始-----------------
</system-err></testcase><testcase classname="TestCase.test_C_web.test_product_detail.TestProductDetail" file="TestCase/test_C_web/test_product_detail.py" line="57" name="test_product_unlike[data0]" time="0.0003688335418701172"><error message="test setup failure">@pytest.fixture()
    def web_page():
        logging.info(&apos;----------------测试开始-----------------&apos;)
&gt;       option = webdriver.ChromeOptions()
E       AttributeError: module &apos;appium.webdriver&apos; has no attribute &apos;ChromeOptions&apos;

conftest.py:31: AttributeError</error><system-err> Tue, 27 Jul 2021 15:03:06  INFO conftest.py web_page [ line:30 ] ----------------测试开始-----------------
</system-err></testcase><testcase classname="TestCase.test_C_web.test_product_detail.TestProductDetail" file="TestCase/test_C_web/test_product_detail.py" line="80" name="test_product_coupon[data0]" time="0.0004303455352783203"><error message="test setup failure">@pytest.fixture()
    def web_page():
        logging.info(&apos;----------------测试开始-----------------&apos;)
&gt;       option = webdriver.ChromeOptions()
E       AttributeError: module &apos;appium.webdriver&apos; has no attribute &apos;ChromeOptions&apos;

conftest.py:31: AttributeError</error><system-err> Tue, 27 Jul 2021 15:03:06  INFO conftest.py web_page [ line:30 ] ----------------测试开始-----------------
</system-err></testcase><testcase classname="TestCase.test_C_web.test_product_detail.TestProductDetail" file="TestCase/test_C_web/test_product_detail.py" line="103" name="test_product_report[data0]" time="0.00046133995056152344"><error message="test setup failure">@pytest.fixture()
    def web_page():
        logging.info(&apos;----------------测试开始-----------------&apos;)
&gt;       option = webdriver.ChromeOptions()
E       AttributeError: module &apos;appium.webdriver&apos; has no attribute &apos;ChromeOptions&apos;

conftest.py:31: AttributeError</error><system-err> Tue, 27 Jul 2021 15:03:06  INFO conftest.py web_page [ line:30 ] ----------------测试开始-----------------
</system-err></testcase><testcase classname="TestCase.test_C_web.test_product_detail.TestProductDetail" file="TestCase/test_C_web/test_product_detail.py" line="126" name="test_product_report_help[data0]" time="0.000370025634765625"><error message="test setup failure">@pytest.fixture()
    def web_page():
        logging.info(&apos;----------------测试开始-----------------&apos;)
&gt;       option = webdriver.ChromeOptions()
E       AttributeError: module &apos;appium.webdriver&apos; has no attribute &apos;ChromeOptions&apos;

conftest.py:31: AttributeError</error><system-err> Tue, 27 Jul 2021 15:03:06  INFO conftest.py web_page [ line:30 ] ----------------测试开始-----------------
</system-err></testcase><testcase classname="TestCase.test_C_web.test_product_detail.TestProductDetail" file="TestCase/test_C_web/test_product_detail.py" line="152" name="test_product_report_err[data0]" time="0.00044989585876464844"><error message="test setup failure">@pytest.fixture()
    def web_page():
        logging.info(&apos;----------------测试开始-----------------&apos;)
&gt;       option = webdriver.ChromeOptions()
E       AttributeError: module &apos;appium.webdriver&apos; has no attribute &apos;ChromeOptions&apos;

conftest.py:31: AttributeError</error><system-err> Tue, 27 Jul 2021 15:03:06  INFO conftest.py web_page [ line:30 ] ----------------测试开始-----------------
</system-err></testcase><testcase classname="TestCase.test_C_web.test_product_detail.TestProductDetail" file="TestCase/test_C_web/test_product_detail.py" line="178" name="test_product_report_success[data0]" time="0.0003986358642578125"><error message="test setup failure">@pytest.fixture()
    def web_page():
        logging.info(&apos;----------------测试开始-----------------&apos;)
&gt;       option = webdriver.ChromeOptions()
E       AttributeError: module &apos;appium.webdriver&apos; has no attribute &apos;ChromeOptions&apos;

conftest.py:31: AttributeError</error><system-err> Tue, 27 Jul 2021 15:03:06  INFO conftest.py web_page [ line:30 ] ----------------测试开始-----------------
</system-err></testcase><testcase classname="TestCase.test_C_web.test_product_detail.TestProductDetail" file="TestCase/test_C_web/test_product_detail.py" line="178" name="test_product_report_success[data1]" time="0.000335693359375"><error message="test setup failure">@pytest.fixture()
    def web_page():
        logging.info(&apos;----------------测试开始-----------------&apos;)
&gt;       option = webdriver.ChromeOptions()
E       AttributeError: module &apos;appium.webdriver&apos; has no attribute &apos;ChromeOptions&apos;

conftest.py:31: AttributeError</error><system-err> Tue, 27 Jul 2021 15:03:06  INFO conftest.py web_page [ line:30 ] ----------------测试开始-----------------
</system-err></testcase><testcase classname="TestCase.test_C_web.test_product_detail.TestProductDetail" file="TestCase/test_C_web/test_product_detail.py" line="207" name="test_product_buying[data0]" time="0.00036907196044921875"><error message="test setup failure">@pytest.fixture()
    def web_page():
        logging.info(&apos;----------------测试开始-----------------&apos;)
&gt;       option = webdriver.ChromeOptions()
E       AttributeError: module &apos;appium.webdriver&apos; has no attribute &apos;ChromeOptions&apos;

conftest.py:31: AttributeError</error><system-err> Tue, 27 Jul 2021 15:03:06  INFO conftest.py web_page [ line:30 ] ----------------测试开始-----------------
</system-err></testcase><testcase classname="TestCase.test_C_web.test_product_detail.TestProductDetail" file="TestCase/test_C_web/test_product_detail.py" line="230" name="test_product_settle[data0]" time="0.0004737377166748047"><error message="test setup failure">@pytest.fixture()
    def web_page():
        logging.info(&apos;----------------测试开始-----------------&apos;)
&gt;       option = webdriver.ChromeOptions()
E       AttributeError: module &apos;appium.webdriver&apos; has no attribute &apos;ChromeOptions&apos;

conftest.py:31: AttributeError</error><system-err> Tue, 27 Jul 2021 15:03:06  INFO conftest.py web_page [ line:30 ] ----------------测试开始-----------------
</system-err></testcase><testcase classname="TestCase.test_C_web.test_product_detail.TestProductDetail" file="TestCase/test_C_web/test_product_detail.py" line="259" name="test_product_address_err[data0]" time="0.00040030479431152344"><error message="test setup failure">@pytest.fixture()
    def web_page():
        logging.info(&apos;----------------测试开始-----------------&apos;)
&gt;       option = webdriver.ChromeOptions()
E       AttributeError: module &apos;appium.webdriver&apos; has no attribute &apos;ChromeOptions&apos;

conftest.py:31: AttributeError</error><system-err> Tue, 27 Jul 2021 15:03:06  INFO conftest.py web_page [ line:30 ] ----------------测试开始-----------------
</system-err></testcase><testcase classname="TestCase.test_C_web.test_product_detail.TestProductDetail" file="TestCase/test_C_web/test_product_detail.py" line="259" name="test_product_address_err[data1]" time="0.0003428459167480469"><error message="test setup failure">@pytest.fixture()
    def web_page():
        logging.info(&apos;----------------测试开始-----------------&apos;)
&gt;       option = webdriver.ChromeOptions()
E       AttributeError: module &apos;appium.webdriver&apos; has no attribute &apos;ChromeOptions&apos;

conftest.py:31: AttributeError</error><system-err> Tue, 27 Jul 2021 15:03:06  INFO conftest.py web_page [ line:30 ] ----------------测试开始-----------------
</system-err></testcase><testcase classname="TestCase.test_C_web.test_product_detail.TestProductDetail" file="TestCase/test_C_web/test_product_detail.py" line="259" name="test_product_address_err[data2]" time="0.0004162788391113281"><error message="test setup failure">@pytest.fixture()
    def web_page():
        logging.info(&apos;----------------测试开始-----------------&apos;)
&gt;       option = webdriver.ChromeOptions()
E       AttributeError: module &apos;appium.webdriver&apos; has no attribute &apos;ChromeOptions&apos;

conftest.py:31: AttributeError</error><system-err> Tue, 27 Jul 2021 15:03:06  INFO conftest.py web_page [ line:30 ] ----------------测试开始-----------------
</system-err></testcase><testcase classname="TestCase.test_C_web.test_product_detail.TestProductDetail" file="TestCase/test_C_web/test_product_detail.py" line="291" name="test_product_address_err2[data0]" time="0.00036787986755371094"><error message="test setup failure">@pytest.fixture()
    def web_page():
        logging.info(&apos;----------------测试开始-----------------&apos;)
&gt;       option = webdriver.ChromeOptions()
E       AttributeError: module &apos;appium.webdriver&apos; has no attribute &apos;ChromeOptions&apos;

conftest.py:31: AttributeError</error><system-err> Tue, 27 Jul 2021 15:03:06  INFO conftest.py web_page [ line:30 ] ----------------测试开始-----------------
</system-err></testcase><testcase classname="TestCase.test_C_web.test_product_detail.TestProductDetail" file="TestCase/test_C_web/test_product_detail.py" line="323" name="test_product_address_success[data0]" time="0.00045013427734375"><error message="test setup failure">@pytest.fixture()
    def web_page():
        logging.info(&apos;----------------测试开始-----------------&apos;)
&gt;       option = webdriver.ChromeOptions()
E       AttributeError: module &apos;appium.webdriver&apos; has no attribute &apos;ChromeOptions&apos;

conftest.py:31: AttributeError</error><system-err> Tue, 27 Jul 2021 15:03:06  INFO conftest.py web_page [ line:30 ] ----------------测试开始-----------------
</system-err></testcase><testcase classname="TestCase.test_C_web.test_product_detail.TestProductDetail" file="TestCase/test_C_web/test_product_detail.py" line="355" name="test_product_paper_invoice[data0]" time="0.0003962516784667969"><error message="test setup failure">@pytest.fixture()
    def web_page():
        logging.info(&apos;----------------测试开始-----------------&apos;)
&gt;       option = webdriver.ChromeOptions()
E       AttributeError: module &apos;appium.webdriver&apos; has no attribute &apos;ChromeOptions&apos;

conftest.py:31: AttributeError</error><system-err> Tue, 27 Jul 2021 15:03:06  INFO conftest.py web_page [ line:30 ] ----------------测试开始-----------------
</system-err></testcase><testcase classname="TestCase.test_C_web.test_product_detail.TestProductDetail" file="TestCase/test_C_web/test_product_detail.py" line="387" name="test_product_electronic_invoice[data0]" time="0.0004169940948486328"><error message="test setup failure">@pytest.fixture()
    def web_page():
        logging.info(&apos;----------------测试开始-----------------&apos;)
&gt;       option = webdriver.ChromeOptions()
E       AttributeError: module &apos;appium.webdriver&apos; has no attribute &apos;ChromeOptions&apos;

conftest.py:31: AttributeError</error><system-err> Tue, 27 Jul 2021 15:03:06  INFO conftest.py web_page [ line:30 ] ----------------测试开始-----------------
</system-err></testcase><testcase classname="TestCase.test_C_web.test_product_detail.TestProductDetail" file="TestCase/test_C_web/test_product_detail.py" line="419" name="test_product_remarks[data0]" time="0.0004076957702636719"><error message="test setup failure">@pytest.fixture()
    def web_page():
        logging.info(&apos;----------------测试开始-----------------&apos;)
&gt;       option = webdriver.ChromeOptions()
E       AttributeError: module &apos;appium.webdriver&apos; has no attribute &apos;ChromeOptions&apos;

conftest.py:31: AttributeError</error><system-err> Tue, 27 Jul 2021 15:03:06  INFO conftest.py web_page [ line:30 ] ----------------测试开始-----------------
</system-err></testcase><testcase classname="TestCase.test_C_web.test_regist.TestRegist" file="TestCase/test_C_web/test_regist.py" line="13" name="test_regist_success[data0]" time="0.0003490447998046875"><error message="test setup failure">@pytest.fixture()
    def web_page():
        logging.info(&apos;----------------测试开始-----------------&apos;)
&gt;       option = webdriver.ChromeOptions()
E       AttributeError: module &apos;appium.webdriver&apos; has no attribute &apos;ChromeOptions&apos;

conftest.py:31: AttributeError</error><system-err> Tue, 27 Jul 2021 15:03:06  INFO conftest.py web_page [ line:30 ] ----------------测试开始-----------------
</system-err></testcase><testcase classname="TestCase.test_C_web.test_regist.TestRegist" file="TestCase/test_C_web/test_regist.py" line="35" name="test_user_phone_err[data0]" time="0.0003871917724609375"><error message="test setup failure">@pytest.fixture()
    def web_page():
        logging.info(&apos;----------------测试开始-----------------&apos;)
&gt;       option = webdriver.ChromeOptions()
E       AttributeError: module &apos;appium.webdriver&apos; has no attribute &apos;ChromeOptions&apos;

conftest.py:31: AttributeError</error><system-err> Tue, 27 Jul 2021 15:03:06  INFO conftest.py web_page [ line:30 ] ----------------测试开始-----------------
</system-err></testcase><testcase classname="TestCase.test_C_web.test_regist.TestRegist" file="TestCase/test_C_web/test_regist.py" line="54" name="test_user_code_err[data0]" time="0.00041556358337402344"><error message="test setup failure">@pytest.fixture()
    def web_page():
        logging.info(&apos;----------------测试开始-----------------&apos;)
&gt;       option = webdriver.ChromeOptions()
E       AttributeError: module &apos;appium.webdriver&apos; has no attribute &apos;ChromeOptions&apos;

conftest.py:31: AttributeError</error><system-err> Tue, 27 Jul 2021 15:03:06  INFO conftest.py web_page [ line:30 ] ----------------测试开始-----------------
</system-err></testcase><testcase classname="TestCase.test_C_web.test_regist.TestRegist" file="TestCase/test_C_web/test_regist.py" line="73" name="test_user_pwd_err[data0]" time="0.00038313865661621094"><error message="test setup failure">@pytest.fixture()
    def web_page():
        logging.info(&apos;----------------测试开始-----------------&apos;)
&gt;       option = webdriver.ChromeOptions()
E       AttributeError: module &apos;appium.webdriver&apos; has no attribute &apos;ChromeOptions&apos;

conftest.py:31: AttributeError</error><system-err> Tue, 27 Jul 2021 15:03:06  INFO conftest.py web_page [ line:30 ] ----------------测试开始-----------------
</system-err></testcase><testcase classname="TestCase.test_C_web.test_regist.TestRegist" file="TestCase/test_C_web/test_regist.py" line="92" name="test_regist_err[data0]" time="0.0004432201385498047"><error message="test setup failure">@pytest.fixture()
    def web_page():
        logging.info(&apos;----------------测试开始-----------------&apos;)
&gt;       option = webdriver.ChromeOptions()
E       AttributeError: module &apos;appium.webdriver&apos; has no attribute &apos;ChromeOptions&apos;

conftest.py:31: AttributeError</error><system-err> Tue, 27 Jul 2021 15:03:06  INFO conftest.py web_page [ line:30 ] ----------------测试开始-----------------
</system-err></testcase><testcase classname="TestCase.test_C_web.test_user_manage.TestUserManage" file="TestCase/test_C_web/test_user_manage.py" line="14" name="test_login_success[data0]" time="0.0004763603210449219"><error message="test setup failure">@pytest.fixture()
    def web_page():
        logging.info(&apos;----------------测试开始-----------------&apos;)
&gt;       option = webdriver.ChromeOptions()
E       AttributeError: module &apos;appium.webdriver&apos; has no attribute &apos;ChromeOptions&apos;

conftest.py:31: AttributeError</error><system-err> Tue, 27 Jul 2021 15:03:06  INFO conftest.py web_page [ line:30 ] ----------------测试开始-----------------
</system-err></testcase><testcase classname="TestCase.test_C_web.test_user_manage.TestUserManage" file="TestCase/test_C_web/test_user_manage.py" line="36" name="test_user_name_info[data0]" time="0.0004215240478515625"><error message="test setup failure">@pytest.fixture()
    def web_page():
        logging.info(&apos;----------------测试开始-----------------&apos;)
&gt;       option = webdriver.ChromeOptions()
E       AttributeError: module &apos;appium.webdriver&apos; has no attribute &apos;ChromeOptions&apos;

conftest.py:31: AttributeError</error><system-err> Tue, 27 Jul 2021 15:03:06  INFO conftest.py web_page [ line:30 ] ----------------测试开始-----------------
</system-err></testcase><testcase classname="TestCase.test_C_web.test_user_manage.TestUserManage" file="TestCase/test_C_web/test_user_manage.py" line="61" name="test_user_pwd_err[data0]" time="0.0003688335418701172"><error message="test setup failure">@pytest.fixture()
    def web_page():
        logging.info(&apos;----------------测试开始-----------------&apos;)
&gt;       option = webdriver.ChromeOptions()
E       AttributeError: module &apos;appium.webdriver&apos; has no attribute &apos;ChromeOptions&apos;

conftest.py:31: AttributeError</error><system-err> Tue, 27 Jul 2021 15:03:06  INFO conftest.py web_page [ line:30 ] ----------------测试开始-----------------
</system-err></testcase><testcase classname="TestCase.test_C_web.test_user_manage.TestUserManage" file="TestCase/test_C_web/test_user_manage.py" line="87" name="test_user_pwd_err2[data0]" time="0.0003829002380371094"><error message="test setup failure">@pytest.fixture()
    def web_page():
        logging.info(&apos;----------------测试开始-----------------&apos;)
&gt;       option = webdriver.ChromeOptions()
E       AttributeError: module &apos;appium.webdriver&apos; has no attribute &apos;ChromeOptions&apos;

conftest.py:31: AttributeError</error><system-err> Tue, 27 Jul 2021 15:03:06  INFO conftest.py web_page [ line:30 ] ----------------测试开始-----------------
</system-err></testcase><testcase classname="TestCase.test_C_web.test_user_manage.TestUserManage" file="TestCase/test_C_web/test_user_manage.py" line="113" name="test_user_pwd_err3[data0]" time="0.0005078315734863281"><error message="test setup failure">@pytest.fixture()
    def web_page():
        logging.info(&apos;----------------测试开始-----------------&apos;)
&gt;       option = webdriver.ChromeOptions()
E       AttributeError: module &apos;appium.webdriver&apos; has no attribute &apos;ChromeOptions&apos;

conftest.py:31: AttributeError</error><system-err> Tue, 27 Jul 2021 15:03:06  INFO conftest.py web_page [ line:30 ] ----------------测试开始-----------------
</system-err></testcase><testcase classname="TestCase.test_C_web.test_user_manage.TestUserManage" file="TestCase/test_C_web/test_user_manage.py" line="139" name="test_user_content_err[data0]" time="0.0005061626434326172"><error message="test setup failure">@pytest.fixture()
    def web_page():
        logging.info(&apos;----------------测试开始-----------------&apos;)
&gt;       option = webdriver.ChromeOptions()
E       AttributeError: module &apos;appium.webdriver&apos; has no attribute &apos;ChromeOptions&apos;

conftest.py:31: AttributeError</error><system-err> Tue, 27 Jul 2021 15:03:06  INFO conftest.py web_page [ line:30 ] ----------------测试开始-----------------
</system-err></testcase><testcase classname="TestCase.test_C_web.test_user_manage.TestUserManage" file="TestCase/test_C_web/test_user_manage.py" line="139" name="test_user_content_err[data1]" time="0.0005230903625488281"><error message="test setup failure">@pytest.fixture()
    def web_page():
        logging.info(&apos;----------------测试开始-----------------&apos;)
&gt;       option = webdriver.ChromeOptions()
E       AttributeError: module &apos;appium.webdriver&apos; has no attribute &apos;ChromeOptions&apos;

conftest.py:31: AttributeError</error><system-err> Tue, 27 Jul 2021 15:03:06  INFO conftest.py web_page [ line:30 ] ----------------测试开始-----------------
</system-err></testcase><testcase classname="TestCase.test_C_web.test_user_manage.TestUserManage" file="TestCase/test_C_web/test_user_manage.py" line="139" name="test_user_content_err[data2]" time="0.0005631446838378906"><error message="test setup failure">@pytest.fixture()
    def web_page():
        logging.info(&apos;----------------测试开始-----------------&apos;)
&gt;       option = webdriver.ChromeOptions()
E       AttributeError: module &apos;appium.webdriver&apos; has no attribute &apos;ChromeOptions&apos;

conftest.py:31: AttributeError</error><system-err> Tue, 27 Jul 2021 15:03:06  INFO conftest.py web_page [ line:30 ] ----------------测试开始-----------------
</system-err></testcase></testsuite>